<?xml version="1.0" encoding="UTF-8"?>
<!-- Generated by org.testng.reporters.JUnitXMLReporter -->
<testsuite hostname="saif" ignored="0" name="Command line test" tests="3" failures="0" timestamp="03 Nov 2022 02:53:56 GMT" time="0.044" errors="0">
  <testcase name="closeMyBrowser" time="0.001" classname="seleniumpractice.TestNgDemo"/>
  <testcase name="launchBrowserTest" time="0.0" classname="seleniumpractice.TestNgDemo"/>
  <testcase name="closeMyBrowserP2" time="0.0" classname="seleniumpractice.TestNgDemo"/>
</testsuite> <!-- Command line test -->
