<?xml version="1.0" encoding="UTF-8"?>
<!-- Generated by org.testng.reporters.JUnitXMLReporter -->
<testsuite ignored="0" hostname="saif" failures="0" tests="3" name="TestNg Demo" time="19.163" errors="0" timestamp="03 Nov 2022 01:44:33 GMT">
  <testcase classname="seleniumpractice.TestNgDemo" name="closeMyBrowser" time="0.006"/>
  <testcase classname="seleniumpractice.TestNgDemo" name="launchBrowserTest" time="10.924"/>
  <testcase classname="seleniumpractice.TestNgDemo" name="closeMyBrowserP2" time="8.201"/>
</testsuite> <!-- TestNg Demo -->
